[0.060s] Invoking command in '/home/sunrise/work/Robot-Driven/build/cpp_pkg': CMAKE_PREFIX_PATH=/opt/tros/humble:/opt/ros/humble /usr/bin/cmake --build /home/sunrise/work/Robot-Driven/build/cpp_pkg -- -j8 -l8
[0.794s] [ 16%] [32mBuilding CXX object CMakeFiles/driver_node.dir/src/main.cpp.o[0m
[16.614s] In file included from [01m[K/opt/ros/humble/include/rclcpp/rclcpp/logging.hpp:24[m[K,
[16.615s]                  from [01m[K/opt/ros/humble/include/rclcpp/rclcpp/client.hpp:40[m[K,
[16.615s]                  from [01m[K/opt/ros/humble/include/rclcpp/rclcpp/callback_group.hpp:24[m[K,
[16.616s]                  from [01m[K/opt/ros/humble/include/rclcpp/rclcpp/any_executable.hpp:20[m[K,
[16.616s]                  from [01m[K/opt/ros/humble/include/rclcpp/rclcpp/memory_strategy.hpp:25[m[K,
[16.617s]                  from [01m[K/opt/ros/humble/include/rclcpp/rclcpp/memory_strategies.hpp:18[m[K,
[16.617s]                  from [01m[K/opt/ros/humble/include/rclcpp/rclcpp/executor_options.hpp:20[m[K,
[16.617s]                  from [01m[K/opt/ros/humble/include/rclcpp/rclcpp/executor.hpp:37[m[K,
[16.618s]                  from [01m[K/opt/ros/humble/include/rclcpp/rclcpp/executors/multi_threaded_executor.hpp:25[m[K,
[16.618s]                  from [01m[K/opt/ros/humble/include/rclcpp/rclcpp/executors.hpp:21[m[K,
[16.619s]                  from [01m[K/opt/ros/humble/include/rclcpp/rclcpp/rclcpp.hpp:155[m[K,
[16.619s]                  from [01m[K/home/sunrise/work/Robot-Driven/src/cpp_pkg/include/cpp_pkg/turn_on_robot.h:1[m[K,
[16.620s]                  from [01m[K/home/sunrise/work/Robot-Driven/src/cpp_pkg/src/main.cpp:1[m[K:
[16.620s] [01m[K/home/sunrise/work/Robot-Driven/src/cpp_pkg/src/main.cpp:[m[K In lambda function:
[16.620s] [01m[K/home/sunrise/work/Robot-Driven/src/cpp_pkg/src/main.cpp:65:72:[m[K [01;31m[Kerror: [m[Kinvalid use of non-static member function â€˜[01m[Kconst _CharT* std::__cxx11::basic_string<_CharT, _Traits, _Alloc>::c_str() const [with _CharT = char; _Traits = std::char_traits<char>; _Alloc = std::allocator<char>][m[Kâ€™
[16.621s]    65 |             RCLCPP_INFO(rclcpp::get_logger("serial_rx"),"RX: %s",[01;31m[Kframe.c_str[m[K);
[16.621s]       |                                                                  [01;31m[K~~~~~~^~~~~[m[K
[16.622s] In file included from [01m[K/usr/include/c++/11/string:55[m[K,
[16.622s]                  from [01m[K/usr/include/c++/11/stdexcept:39[m[K,
[16.623s]                  from [01m[K/usr/include/c++/11/system_error:41[m[K,
[16.623s]                  from [01m[K/usr/include/c++/11/mutex:42[m[K,
[16.624s]                  from [01m[K/usr/include/c++/11/future:38[m[K,
[16.624s]                  from [01m[K/opt/ros/humble/include/rclcpp/rclcpp/executors.hpp:18[m[K,
[16.624s]                  from [01m[K/opt/ros/humble/include/rclcpp/rclcpp/rclcpp.hpp:155[m[K,
[16.625s]                  from [01m[K/home/sunrise/work/Robot-Driven/src/cpp_pkg/include/cpp_pkg/turn_on_robot.h:1[m[K,
[16.625s]                  from [01m[K/home/sunrise/work/Robot-Driven/src/cpp_pkg/src/main.cpp:1[m[K:
[16.626s] [01m[K/usr/include/c++/11/bits/basic_string.h:2320:7:[m[K [01;36m[Knote: [m[Kdeclared here
[16.626s]  2320 |       [01;36m[Kc_str[m[K() const _GLIBCXX_NOEXCEPT
[16.627s]       |       [01;36m[K^~~~~[m[K
[19.306s] gmake[2]: *** [CMakeFiles/driver_node.dir/build.make:104: CMakeFiles/driver_node.dir/src/main.cpp.o] Error 1
[19.308s] gmake[1]: *** [CMakeFiles/Makefile2:137: CMakeFiles/driver_node.dir/all] Error 2
[19.308s] gmake: *** [Makefile:146: all] Error 2
[19.328s] Invoked command in '/home/sunrise/work/Robot-Driven/build/cpp_pkg' returned '2': CMAKE_PREFIX_PATH=/opt/tros/humble:/opt/ros/humble /usr/bin/cmake --build /home/sunrise/work/Robot-Driven/build/cpp_pkg -- -j8 -l8
