[0.000000] (-) TimerEvent: {}
[0.001814] (-) JobUnselected: {'identifier': 'robot_app_pkg'}
[0.002532] (cpp_pkg) JobQueued: {'identifier': 'cpp_pkg', 'dependencies': OrderedDict()}
[0.003465] (cpp_pkg) JobStarted: {'identifier': 'cpp_pkg'}
[0.048001] (cpp_pkg) JobProgress: {'identifier': 'cpp_pkg', 'progress': 'cmake'}
[0.051813] (cpp_pkg) JobProgress: {'identifier': 'cpp_pkg', 'progress': 'build'}
[0.055598] (cpp_pkg) Command: {'cmd': ['/usr/bin/cmake', '--build', '/home/sunrise/work/Robot-Driven/build/cpp_pkg', '--', '-j8', '-l8'], 'cwd': '/home/sunrise/work/Robot-Driven/build/cpp_pkg', 'env': OrderedDict([('PYTHON_BASIC_REPL', '1'), ('LANGUAGE', 'en_US.UTF-8'), ('USER', 'sunrise'), ('SSH_CLIENT', '172.16.10.180 53253 22'), ('XDG_SESSION_TYPE', 'tty'), ('GIT_ASKPASS', '/home/sunrise/.vscode-server/cli/servers/Stable-94e8ae2b28cb5cc932b86e1070569c4463565c37/server/extensions/git/dist/askpass.sh'), ('SHLVL', '2'), ('LD_LIBRARY_PATH', '/opt/tros/humble/lib/aarch64-linux-gnu:/opt/tros/humble/lib:/opt/ros/humble/lib/aarch64-linux-gnu:/opt/ros/humble/lib:/usr/hobot/lib:/app/lib:/app/pub/lib:/middleware/lib:/middleware/pub/lib:/usr/hobot/lib/sensor:/system/lib:/system/usr/lib:/lib:'), ('BROWSER', '/home/sunrise/.vscode-server/cli/servers/Stable-94e8ae2b28cb5cc932b86e1070569c4463565c37/server/bin/helpers/browser.sh'), ('MOTD_SHOWN', 'pam'), ('HOME', '/home/sunrise'), ('TERM_PROGRAM_VERSION', '1.108.0'), ('VSCODE_IPC_HOOK_CLI', '/run/user/1000/vscode-ipc-97c15f91-2b5e-4d61-8607-03bfe3531b75.sock'), ('ROS_PYTHON_VERSION', '3'), ('VSCODE_GIT_ASKPASS_MAIN', '/home/sunrise/.vscode-server/cli/servers/Stable-94e8ae2b28cb5cc932b86e1070569c4463565c37/server/extensions/git/dist/askpass-main.js'), ('VSCODE_GIT_ASKPASS_NODE', '/home/sunrise/.vscode-server/cli/servers/Stable-94e8ae2b28cb5cc932b86e1070569c4463565c37/server/node'), ('SSL_CERT_FILE', '/usr/lib/ssl/certs/ca-certificates.crt'), ('PYDEVD_DISABLE_FILE_VALIDATION', '1'), ('BUNDLED_DEBUGPY_PATH', '/home/sunrise/.vscode-server/extensions/ms-python.debugpy-2025.18.0-linux-arm64/bundled/libs/debugpy'), ('VSCODE_PYTHON_AUTOACTIVATE_GUARD', '1'), ('DBUS_SESSION_BUS_ADDRESS', 'unix:path=/run/user/1000/bus'), ('COLORTERM', 'truecolor'), ('TROS_DISTRO', 'humble'), ('ROS_DISTRO', 'humble'), ('LOGNAME', 'sunrise'), ('_', '/usr/bin/colcon'), ('ROS_VERSION', '2'), ('XDG_SESSION_CLASS', 'user'), ('TERM', 'xterm-256color'), ('XDG_SESSION_ID', '2'), ('ROS_LOCALHOST_ONLY', '0'), ('PATH', '/opt/tros/humble/bin:/opt/ros/humble/bin:/home/sunrise/.vscode-server/data/User/globalStorage/github.copilot-chat/debugCommand:/home/sunrise/.vscode-server/data/User/globalStorage/github.copilot-chat/copilotCli:/home/sunrise/.vscode-server/cli/servers/Stable-94e8ae2b28cb5cc932b86e1070569c4463565c37/server/bin/remote-cli:/usr/hobot/bin/:/usr/local/sbin:/usr/local/bin:/usr/sbin:/usr/bin:/sbin:/bin:/usr/games:/usr/local/games:/snap/bin:/home/sunrise/.vscode-server/extensions/ms-python.debugpy-2025.18.0-linux-arm64/bundled/scripts/noConfigScripts'), ('XDG_RUNTIME_DIR', '/run/user/1000'), ('SSL_CERT_DIR', '/usr/lib/ssl/certs'), ('VSCODE_DEBUGPY_ADAPTER_ENDPOINTS', '/home/sunrise/.vscode-server/extensions/ms-python.debugpy-2025.18.0-linux-arm64/.noConfigDebugAdapterEndpoints/endpoint-65c99da6c1ae1e55.txt'), ('LANG', 'en_US.UTF-8'), ('PYTHONSTARTUP', '/home/sunrise/.vscode-server/data/User/workspaceStorage/bcd90a8c86a59260238900bd8f37a988-1/ms-python.python/pythonrc.py'), ('LS_COLORS', 'rs=0:di=01;34:ln=01;36:mh=00:pi=40;33:so=01;35:do=01;35:bd=40;33;01:cd=40;33;01:or=40;31;01:mi=00:su=37;41:sg=30;43:ca=30;41:tw=30;42:ow=34;42:st=37;44:ex=01;32:*.tar=01;31:*.tgz=01;31:*.arc=01;31:*.arj=01;31:*.taz=01;31:*.lha=01;31:*.lz4=01;31:*.lzh=01;31:*.lzma=01;31:*.tlz=01;31:*.txz=01;31:*.tzo=01;31:*.t7z=01;31:*.zip=01;31:*.z=01;31:*.dz=01;31:*.gz=01;31:*.lrz=01;31:*.lz=01;31:*.lzo=01;31:*.xz=01;31:*.zst=01;31:*.tzst=01;31:*.bz2=01;31:*.bz=01;31:*.tbz=01;31:*.tbz2=01;31:*.tz=01;31:*.deb=01;31:*.rpm=01;31:*.jar=01;31:*.war=01;31:*.ear=01;31:*.sar=01;31:*.rar=01;31:*.alz=01;31:*.ace=01;31:*.zoo=01;31:*.cpio=01;31:*.7z=01;31:*.rz=01;31:*.cab=01;31:*.wim=01;31:*.swm=01;31:*.dwm=01;31:*.esd=01;31:*.jpg=01;35:*.jpeg=01;35:*.mjpg=01;35:*.mjpeg=01;35:*.gif=01;35:*.bmp=01;35:*.pbm=01;35:*.pgm=01;35:*.ppm=01;35:*.tga=01;35:*.xbm=01;35:*.xpm=01;35:*.tif=01;35:*.tiff=01;35:*.png=01;35:*.svg=01;35:*.svgz=01;35:*.mng=01;35:*.pcx=01;35:*.mov=01;35:*.mpg=01;35:*.mpeg=01;35:*.m2v=01;35:*.mkv=01;35:*.webm=01;35:*.webp=01;35:*.ogm=01;35:*.mp4=01;35:*.m4v=01;35:*.mp4v=01;35:*.vob=01;35:*.qt=01;35:*.nuv=01;35:*.wmv=01;35:*.asf=01;35:*.rm=01;35:*.rmvb=01;35:*.flc=01;35:*.avi=01;35:*.fli=01;35:*.flv=01;35:*.gl=01;35:*.dl=01;35:*.xcf=01;35:*.xwd=01;35:*.yuv=01;35:*.cgm=01;35:*.emf=01;35:*.ogv=01;35:*.ogx=01;35:*.aac=00;36:*.au=00;36:*.flac=00;36:*.m4a=00;36:*.mid=00;36:*.midi=00;36:*.mka=00;36:*.mp3=00;36:*.mpc=00;36:*.ogg=00;36:*.ra=00;36:*.wav=00;36:*.oga=00;36:*.opus=00;36:*.spx=00;36:*.xspf=00;36:'), ('VSCODE_GIT_IPC_HANDLE', '/run/user/1000/vscode-git-f57eae96bf.sock'), ('TERM_PROGRAM', 'vscode'), ('AMENT_PREFIX_PATH', '/opt/tros/humble:/opt/ros/humble'), ('SHELL', '/bin/bash'), ('VSCODE_GIT_ASKPASS_EXTRA_ARGS', ''), ('PWD', '/home/sunrise/work/Robot-Driven/build/cpp_pkg'), ('SSH_CONNECTION', '172.16.10.180 53253 172.16.10.95 22'), ('PYTHONPATH', '/opt/tros/humble/lib/python3.10/site-packages:/opt/tros/humble/local/lib/python3.10/dist-packages:/opt/ros/humble/lib/python3.10/site-packages:/opt/ros/humble/local/lib/python3.10/dist-packages'), ('COLCON', '1'), ('CMAKE_PREFIX_PATH', '/opt/tros/humble:/opt/ros/humble')]), 'shell': False}
[0.098787] (-) TimerEvent: {}
[0.199636] (-) TimerEvent: {}
[0.300566] (-) TimerEvent: {}
[0.387228] (cpp_pkg) StdoutLine: {'line': b'-- Found ament_cmake: 1.3.12 (/opt/ros/humble/share/ament_cmake/cmake)\n'}
[0.400730] (-) TimerEvent: {}
[0.501556] (-) TimerEvent: {}
[0.602456] (-) TimerEvent: {}
[0.703402] (-) TimerEvent: {}
[0.804221] (-) TimerEvent: {}
[0.904990] (-) TimerEvent: {}
[1.005685] (-) TimerEvent: {}
[1.106492] (-) TimerEvent: {}
[1.207383] (-) TimerEvent: {}
[1.237173] (cpp_pkg) StdoutLine: {'line': b'-- Found rclcpp: 16.0.14 (/opt/ros/humble/share/rclcpp/cmake)\n'}
[1.307593] (-) TimerEvent: {}
[1.408437] (-) TimerEvent: {}
[1.415540] (cpp_pkg) StdoutLine: {'line': b'-- Found rosidl_generator_c: 3.1.7 (/opt/ros/humble/share/rosidl_generator_c/cmake)\n'}
[1.434119] (cpp_pkg) StdoutLine: {'line': b'-- Found rosidl_adapter: 3.1.7 (/opt/ros/humble/share/rosidl_adapter/cmake)\n'}
[1.475994] (cpp_pkg) StdoutLine: {'line': b'-- Found rosidl_generator_cpp: 3.1.7 (/opt/ros/humble/share/rosidl_generator_cpp/cmake)\n'}
[1.508601] (-) TimerEvent: {}
[1.544875] (cpp_pkg) StdoutLine: {'line': b'-- Using all available rosidl_typesupport_c: rosidl_typesupport_fastrtps_c;rosidl_typesupport_introspection_c\n'}
[1.608823] (-) TimerEvent: {}
[1.630257] (cpp_pkg) StdoutLine: {'line': b'-- Using all available rosidl_typesupport_cpp: rosidl_typesupport_fastrtps_cpp;rosidl_typesupport_introspection_cpp\n'}
[1.709032] (-) TimerEvent: {}
[1.809918] (-) TimerEvent: {}
[1.855631] (cpp_pkg) StdoutLine: {'line': b'-- Found rmw_implementation_cmake: 6.1.2 (/opt/ros/humble/share/rmw_implementation_cmake/cmake)\n'}
[1.866131] (cpp_pkg) StdoutLine: {'line': b'-- Found rmw_fastrtps_cpp: 6.2.8 (/opt/ros/humble/share/rmw_fastrtps_cpp/cmake)\n'}
[1.910084] (-) TimerEvent: {}
[2.010944] (-) TimerEvent: {}
[2.111813] (-) TimerEvent: {}
[2.212709] (-) TimerEvent: {}
[2.313585] (-) TimerEvent: {}
[2.362261] (cpp_pkg) StdoutLine: {'line': b"-- Using RMW implementation 'rmw_fastrtps_cpp' as default\n"}
[2.413789] (-) TimerEvent: {}
[2.514676] (-) TimerEvent: {}
[2.615526] (-) TimerEvent: {}
[2.696873] (cpp_pkg) StdoutLine: {'line': b'-- Found geometry_msgs: 4.9.0 (/opt/ros/humble/share/geometry_msgs/cmake)\n'}
[2.715652] (-) TimerEvent: {}
[2.788150] (cpp_pkg) StdoutLine: {'line': b'-- Found ament_lint_auto: 0.12.14 (/opt/ros/humble/share/ament_lint_auto/cmake)\n'}
[2.815787] (-) TimerEvent: {}
[2.916567] (-) TimerEvent: {}
[3.017373] (-) TimerEvent: {}
[3.118218] (-) TimerEvent: {}
[3.219115] (-) TimerEvent: {}
[3.243176] (cpp_pkg) StdoutLine: {'line': b"-- Added test 'cppcheck' to perform static code analysis on C / C++ code\n"}
[3.244112] (cpp_pkg) StdoutLine: {'line': b'-- Configured cppcheck include dirs: $<BUILD_INTERFACE:/home/sunrise/work/Robot-Driven/src/cpp_pkg/include>\n'}
[3.244657] (cpp_pkg) StdoutLine: {'line': b'-- Configured cppcheck exclude dirs and/or files: \n'}
[3.246997] (cpp_pkg) StdoutLine: {'line': b"-- Added test 'flake8' to check Python code syntax and style conventions\n"}
[3.250254] (cpp_pkg) StdoutLine: {'line': b"-- Added test 'lint_cmake' to check CMake code style\n"}
[3.253455] (cpp_pkg) StdoutLine: {'line': b"-- Added test 'pep257' to check Python code against some of the docstring style conventions in PEP 257\n"}
[3.260933] (cpp_pkg) StdoutLine: {'line': b"-- Added test 'uncrustify' to check C / C++ code style\n"}
[3.261786] (cpp_pkg) StdoutLine: {'line': b'-- Configured uncrustify additional arguments: \n'}
[3.263919] (cpp_pkg) StdoutLine: {'line': b"-- Added test 'xmllint' to check XML markup files\n"}
[3.268881] (cpp_pkg) StdoutLine: {'line': b'-- Configuring done\n'}
[3.319264] (-) TimerEvent: {}
[3.378351] (cpp_pkg) StdoutLine: {'line': b'-- Generating done\n'}
[3.400038] (cpp_pkg) StdoutLine: {'line': b'-- Build files have been written to: /home/sunrise/work/Robot-Driven/build/cpp_pkg\n'}
[3.419434] (-) TimerEvent: {}
[3.520374] (-) TimerEvent: {}
[3.557487] (cpp_pkg) StdoutLine: {'line': b'\x1b[35m\x1b[1mConsolidate compiler generated dependencies of target driver_node\x1b[0m\n'}
[3.620598] (-) TimerEvent: {}
[3.721568] (-) TimerEvent: {}
[3.744555] (cpp_pkg) StdoutLine: {'line': b'[ 16%] \x1b[32mBuilding CXX object CMakeFiles/driver_node.dir/src/publisher.cpp.o\x1b[0m\n'}
[3.821776] (-) TimerEvent: {}
[3.829808] (cpp_pkg) StderrLine: {'line': b'\x1b[01m\x1b[K/home/sunrise/work/Robot-Driven/src/cpp_pkg/src/publisher.cpp:1:10:\x1b[m\x1b[K \x1b[01;31m\x1b[Kfatal error: \x1b[m\x1b[Kpublisher.h: No such file or directory\n'}
[3.830923] (cpp_pkg) StderrLine: {'line': b'    1 | #include \x1b[01;31m\x1b[K"publisher.h"\x1b[m\x1b[K\n'}
[3.831611] (cpp_pkg) StderrLine: {'line': b'      |          \x1b[01;31m\x1b[K^~~~~~~~~~~~~\x1b[m\x1b[K\n'}
[3.832214] (cpp_pkg) StderrLine: {'line': b'compilation terminated.\n'}
[3.836160] (cpp_pkg) StderrLine: {'line': b'gmake[2]: *** [CMakeFiles/driver_node.dir/build.make:118: CMakeFiles/driver_node.dir/src/publisher.cpp.o] Error 1\n'}
[3.838094] (cpp_pkg) StderrLine: {'line': b'gmake[1]: *** [CMakeFiles/Makefile2:137: CMakeFiles/driver_node.dir/all] Error 2\n'}
[3.839525] (cpp_pkg) StderrLine: {'line': b'gmake: *** [Makefile:146: all] Error 2\n'}
[3.850656] (cpp_pkg) CommandEnded: {'returncode': 2}
[3.922453] (-) TimerEvent: {}
[3.963420] (cpp_pkg) JobEnded: {'identifier': 'cpp_pkg', 'rc': 2}
[3.975636] (-) EventReactorShutdown: {}
