[0.036s] Invoking command in '/home/sunrise/work/Robot-Driven/build/cpp_pkg': CMAKE_PREFIX_PATH=/opt/ros/humble /usr/bin/cmake /home/sunrise/work/Robot-Driven/src/cpp_pkg -DCMAKE_INSTALL_PREFIX=/home/sunrise/work/Robot-Driven/install/cpp_pkg
[0.683s] -- The C compiler identification is GNU 11.2.0
[1.164s] -- The CXX compiler identification is GNU 11.2.0
[1.209s] -- Detecting C compiler ABI info
[1.568s] -- Detecting C compiler ABI info - done
[1.615s] -- Check for working C compiler: /usr/bin/cc - skipped
[1.617s] -- Detecting C compile features
[1.620s] -- Detecting C compile features - done
[1.640s] -- Detecting CXX compiler ABI info
[2.046s] -- Detecting CXX compiler ABI info - done
[2.094s] -- Check for working CXX compiler: /usr/bin/c++ - skipped
[2.095s] -- Detecting CXX compile features
[2.098s] -- Detecting CXX compile features - done
[2.108s] -- Found ament_cmake: 1.3.12 (/opt/ros/humble/share/ament_cmake/cmake)
[4.321s] -- Found Python3: /usr/bin/python3 (found version "3.10.12") found components: Interpreter 
[4.811s] -- Found rclcpp: 16.0.14 (/opt/ros/humble/share/rclcpp/cmake)
[5.024s] -- Found rosidl_generator_c: 3.1.7 (/opt/ros/humble/share/rosidl_generator_c/cmake)
[5.049s] -- Found rosidl_adapter: 3.1.7 (/opt/ros/humble/share/rosidl_adapter/cmake)
[5.096s] -- Found rosidl_generator_cpp: 3.1.7 (/opt/ros/humble/share/rosidl_generator_cpp/cmake)
[5.171s] -- Using all available rosidl_typesupport_c: rosidl_typesupport_fastrtps_c;rosidl_typesupport_introspection_c
[5.266s] -- Using all available rosidl_typesupport_cpp: rosidl_typesupport_fastrtps_cpp;rosidl_typesupport_introspection_cpp
[5.515s] -- Found rmw_implementation_cmake: 6.1.2 (/opt/ros/humble/share/rmw_implementation_cmake/cmake)
[5.529s] -- Found rmw_fastrtps_cpp: 6.2.8 (/opt/ros/humble/share/rmw_fastrtps_cpp/cmake)
[5.941s] -- Found OpenSSL: /usr/lib/aarch64-linux-gnu/libcrypto.so (found version "3.0.2")  
[6.066s] -- Found FastRTPS: /opt/ros/humble/include  
[6.250s] -- Using RMW implementation 'rmw_fastrtps_cpp' as default
[6.295s] -- Looking for pthread.h
[6.675s] -- Looking for pthread.h - found
[6.677s] -- Performing Test CMAKE_HAVE_LIBC_PTHREAD
[7.071s] -- Performing Test CMAKE_HAVE_LIBC_PTHREAD - Success
[7.076s] -- Found Threads: TRUE  
[7.469s] -- Found geometry_msgs: 4.9.0 (/opt/ros/humble/share/geometry_msgs/cmake)
[7.594s] -- Found ament_lint_auto: 0.12.14 (/opt/ros/humble/share/ament_lint_auto/cmake)
[8.129s] -- Added test 'cppcheck' to perform static code analysis on C / C++ code
[8.130s] -- Configured cppcheck include dirs: $<BUILD_INTERFACE:/home/sunrise/work/Robot-Driven/src/cpp_pkg/include>
[8.130s] -- Configured cppcheck exclude dirs and/or files: 
[8.134s] -- Added test 'flake8' to check Python code syntax and style conventions
[8.138s] -- Added test 'lint_cmake' to check CMake code style
[8.141s] -- Added test 'pep257' to check Python code against some of the docstring style conventions in PEP 257
[8.149s] -- Added test 'uncrustify' to check C / C++ code style
[8.149s] -- Configured uncrustify additional arguments: 
[8.152s] -- Added test 'xmllint' to check XML markup files
[8.162s] -- Configuring done
[8.220s] -- Generating done
[8.243s] -- Build files have been written to: /home/sunrise/work/Robot-Driven/build/cpp_pkg
[8.314s] Invoked command in '/home/sunrise/work/Robot-Driven/build/cpp_pkg' returned '0': CMAKE_PREFIX_PATH=/opt/ros/humble /usr/bin/cmake /home/sunrise/work/Robot-Driven/src/cpp_pkg -DCMAKE_INSTALL_PREFIX=/home/sunrise/work/Robot-Driven/install/cpp_pkg
[8.323s] Invoking command in '/home/sunrise/work/Robot-Driven/build/cpp_pkg': CMAKE_PREFIX_PATH=/opt/ros/humble /usr/bin/cmake --build /home/sunrise/work/Robot-Driven/build/cpp_pkg -- -j8 -l8
[8.552s] [ 20%] [32mBuilding CXX object CMakeFiles/driver_node.dir/src/SerialPortImpl.cpp.o[0m
[8.556s] [ 40%] [32mBuilding CXX object CMakeFiles/driver_node.dir/src/IDeviceThread.cpp.o[0m
[8.557s] [ 60%] [32mBuilding CXX object CMakeFiles/driver_node.dir/src/turn_on_robot.cpp.o[0m
[8.558s] [ 80%] [32mBuilding CXX object CMakeFiles/driver_node.dir/src/main.cpp.o[0m
[8.625s] In file included from [01m[K/home/sunrise/work/Robot-Driven/src/cpp_pkg/src/SerialPortImpl.cpp:1[m[K:
[8.625s] [01m[K/home/sunrise/work/Robot-Driven/src/cpp_pkg/include/cpp_pkg/SerialPortImpl.h:4:10:[m[K [01;31m[Kfatal error: [m[Kserial/serial.h: No such file or directory
[8.626s]     4 | #include [01;31m[K<serial/serial.h>[m[K
[8.627s]       |          [01;31m[K^~~~~~~~~~~~~~~~~[m[K
[8.628s] compilation terminated.
[8.636s] gmake[2]: *** [CMakeFiles/driver_node.dir/build.make:90: CMakeFiles/driver_node.dir/src/SerialPortImpl.cpp.o] Error 1
[8.637s] gmake[2]: *** Waiting for unfinished jobs....
[9.117s] In file included from [01m[K/home/sunrise/work/Robot-Driven/src/cpp_pkg/include/cpp_pkg/IDeviceThread.h:11[m[K,
[9.118s]                  from [01m[K/home/sunrise/work/Robot-Driven/src/cpp_pkg/src/IDeviceThread.cpp:1[m[K:
[9.119s] [01m[K/home/sunrise/work/Robot-Driven/src/cpp_pkg/include/cpp_pkg/SerialPortImpl.h:4:10:[m[K [01;31m[Kfatal error: [m[Kserial/serial.h: No such file or directory
[9.119s]     4 | #include [01;31m[K<serial/serial.h>[m[K
[9.120s]       |          [01;31m[K^~~~~~~~~~~~~~~~~[m[K
[9.121s] compilation terminated.
[9.129s] gmake[2]: *** [CMakeFiles/driver_node.dir/build.make:76: CMakeFiles/driver_node.dir/src/IDeviceThread.cpp.o] Error 1
[10.049s] In file included from [01m[K/home/sunrise/work/Robot-Driven/src/cpp_pkg/include/cpp_pkg/turn_on_robot.h:3[m[K,
[10.049s]                  from [01m[K/home/sunrise/work/Robot-Driven/src/cpp_pkg/src/main.cpp:1[m[K:
[10.050s] [01m[K/home/sunrise/work/Robot-Driven/src/cpp_pkg/include/cpp_pkg/SerialPortImpl.h:4:10:[m[K [01;31m[Kfatal error: [m[Kserial/serial.h: No such file or directory
[10.050s]     4 | #include [01;31m[K<serial/serial.h>[m[K
[10.051s]       |          [01;31m[K^~~~~~~~~~~~~~~~~[m[K
[10.052s] In file included from [01m[K/home/sunrise/work/Robot-Driven/src/cpp_pkg/include/cpp_pkg/turn_on_robot.h:3[m[K,
[10.052s]                  from [01m[K/home/sunrise/work/Robot-Driven/src/cpp_pkg/src/turn_on_robot.cpp:1[m[K:
[10.053s] [01m[K/home/sunrise/work/Robot-Driven/src/cpp_pkg/include/cpp_pkg/SerialPortImpl.h:4:10:[m[K [01;31m[Kfatal error: [m[Kserial/serial.h: No such file or directory
[10.054s]     4 | #include [01;31m[K<serial/serial.h>[m[K
[10.054s]       |          [01;31m[K^~~~~~~~~~~~~~~~~[m[K
[10.055s] compilation terminated.
[10.055s] compilation terminated.
[10.064s] gmake[2]: *** [CMakeFiles/driver_node.dir/build.make:118: CMakeFiles/driver_node.dir/src/turn_on_robot.cpp.o] Error 1
[10.067s] gmake[2]: *** [CMakeFiles/driver_node.dir/build.make:104: CMakeFiles/driver_node.dir/src/main.cpp.o] Error 1
[10.068s] gmake[1]: *** [CMakeFiles/Makefile2:137: CMakeFiles/driver_node.dir/all] Error 2
[10.069s] gmake: *** [Makefile:146: all] Error 2
[10.078s] Invoked command in '/home/sunrise/work/Robot-Driven/build/cpp_pkg' returned '2': CMAKE_PREFIX_PATH=/opt/ros/humble /usr/bin/cmake --build /home/sunrise/work/Robot-Driven/build/cpp_pkg -- -j8 -l8
